2024-05-29 18:41:16,861 - [Input] scene constrain: None
2024-05-29 18:41:16,861 - [Generated] scene name: Cozy bedroom interior.
2024-05-29 18:41:16,861 - [Target Model Generated] relevant objects: ['bed', ' bookshelf', ' mirror', ' dresser', ' window']
2024-05-29 18:41:16,861 - [Input] irrelevant object category: None
2024-05-29 18:41:16,861 - [Target Model Generated] irrelevant object: stop sign
2024-05-29 18:41:16,861 - [Generated] new generated scene: True
2024-05-29 18:41:16,861 - [Generated] new generated obj: True
2024-05-29 18:41:16,861 - [Generated] scene diversity: False
2024-05-29 18:41:16,861 - [Generated] obj diversity: True
2024-05-29 18:42:09,208 - [Detection Model] detected objects: ['Blue bed comforter.', 'Wooden bookshelf, books', 'Round wall mirror.', 'Wooden bedroom dresser.', 'Window with view']
2024-05-29 18:42:09,209 - [Target Model Generated] detected object captions: ['A plush blue comforter on a bed in a cozy room.', 'Tall wooden bookshelf crammed with colorful books and a basket.', 'Circular mirror with a simple wooden frame, reflecting a room.', 'Dark wooden dresser with six drawers and round knobs.', 'Window framing lush, vibrant green foliage outside.']
2024-05-29 18:42:09,209 - [Target Model Generated] irrelevant object caption: The image depicts a typical octagonal stop sign, used prominently for road traffic control. This particular sign features a bright red background with bold, white capitalized letters spelling "STOP", ensuring it is highly visible from a distance. The surface shows signs of wear and distress, including scratches and grime, suggesting it has been exposed to the elements for a significant period. Notably, in smaller print, the bottom of the sign reads "CITY OF CHICAGO 1994," indicating its location and date of manufacture. Two rivets are visible at the top, likely used to secure the sign to its post, further emphasizing its practical utility in urban transportation management.
2024-05-29 18:42:28,985 - [Target Model Generated] image-level caption: This image shows a cozy bedroom. The room features a large blue comforter on the bed, which takes up a significant portion of the space. On the left, there is a wooden dresser with a circular mirror, and an array of decorative items and a lamp are placed on top. To the dancer's right-view, a window framed by curtains lets in natural light and gives a view of lush green foliage outside. Next to the window, there's a bookshelf filled with books and several plant pots on a bench, enhancing the room's homey feel. A notable and somewhat humorous aspect is a large red stop sign that appears digitally imposed on the window, adding an unexpected visual element to the serene room setting.
2024-05-29 18:42:28,985 - [Target Model Generated] Spatial Relations (w.r.t. detected objects): []; ['left']; ['right']; ['up']; ['front']; 
2024-05-29 18:42:28,985 - [Target Model Generated] Irrelevant-detected Object Distances): [368.12633700945656, 399.0839510679426, 232.16588896735024, 337.0, 124.48293055676348]
2024-05-29 18:42:28,985 - ######
2024-05-29 18:42:28,985 - [ATTACK] Adding new irrelevant object 'stop sign' -- existence
2024-05-29 18:42:53,874 - [Obj] stop sign
2024-05-29 18:42:53,874 - [Q] Is there a stop sign in this image?
2024-05-29 18:42:53,874 - [Pred] Yes, there is a stop sign in the image. It is located on the upper right side, seen through the window.
2024-05-29 18:42:53,874 - [GT] There is a stop sign.
2024-05-29 18:42:53,874 - [Eval (same or not)] 1
2024-05-29 18:42:53,874 - [Attack Failed] Added irrelevant object detected.
2024-05-29 18:42:53,874 - ######
2024-05-29 18:42:53,874 - [ATTACK] Adding new irrelevant object 'stop sign' with image-level caption -- existence
2024-05-29 18:43:02,276 - [Obj] stop sign
2024-05-29 18:43:02,276 - [Q] We have an image depicting This image shows a cozy bedroom. The room features a large blue comforter on the bed, which takes up a significant portion of the space. On the left, there is a wooden dresser with a circular mirror, and an array of decorative items and a lamp are placed on top. To the dancer's right-view, a window framed by curtains lets in natural light and gives a view of lush green foliage outside. Next to the window, there's a bookshelf filled with books and several plant pots on a bench, enhancing the room's homey feel. A notable and somewhat humorous aspect is a large red stop sign that appears digitally imposed on the window, adding an unexpected visual element to the serene room setting.. Is there a stop sign in this image?
2024-05-29 18:43:02,276 - [Pred] Yes, there is a large red stop sign positioned near the center of the window in the image. It appears to be digitally imposed, as it contrasts sharply with the natural setting of the room and the view outside.
2024-05-29 18:43:02,276 - [GT] There is a stop sign.
2024-05-29 18:43:02,276 - [Eval (same or not)] 1
2024-05-29 18:43:02,276 - [Attack Failed] Added irrelevant object detected, with image-level caption in the question.
2024-05-29 18:43:05,852 - [Attack Success] Added irrelevant object inconsistent.
2024-05-29 18:43:06,779 - [Attack Failed] Added irrelevant object local global consistent
2024-05-29 18:43:07,853 - [Attack Success] Added irrelevant object local global inconsistent.
2024-05-29 18:43:07,853 - ######
2024-05-29 18:43:07,854 - [ATTACK] image-level caption conflict with objects -- existence
2024-05-29 18:43:10,125 - [Target Model Generated] objects described in the generated caption: bed,blue comforter,wooden dresser,circular mirror,decorative items,lamp,window,curtains,bookshelf,books,plant pots,bench,red stop sign.
2024-05-29 18:43:32,424 - [Detection Model] objects described in the image-level caption, but not detected by the detection model: bed,blue comforter,wooden dresser,circular mirror,decorative items,lamp,window,curtains,bookshelf,books,plant pots,bench,red stop sign.
2024-05-29 18:43:32,425 - *****
2024-05-29 18:43:42,650 - [Obj] decorative items
2024-05-29 18:43:42,650 - [Q] Is there a decorative items in this image?
2024-05-29 18:43:42,651 - [Pred] Yes, there are several decorative items in the image. These include potted plants on the windowsill and next to the bed, a decorative pillow with a heart design on a small bench under the window, various items on the dresser including a mirror and smaller decorative objects, and the arrangement of a packed bookshelf. The room also features patterned wallpaper which contributes to its decorative aesthetic.
2024-05-29 18:43:42,651 - [GT] This image shows a cozy bedroom. The room features a large blue comforter on the bed, which takes up a significant portion of the space. On the left, there is a wooden dresser with a circular mirror, and an array of decorative items and a lamp are placed on top. To the dancer's right-view, a window framed by curtains lets in natural light and gives a view of lush green foliage outside. Next to the window, there's a bookshelf filled with books and several plant pots on a bench, enhancing the room's homey feel. A notable and somewhat humorous aspect is a large red stop sign that appears digitally imposed on the window, adding an unexpected visual element to the serene room setting.
2024-05-29 18:43:42,651 - [Eval (same or not)] 1
2024-05-29 18:43:42,651 - [Attack Failed] decorative items mentioned in the image-level caption exists.
2024-05-29 18:43:42,651 - *****
2024-05-29 18:43:49,517 - [Obj] lamp
2024-05-29 18:43:49,517 - [Q] Is there a lamp in this image?
2024-05-29 18:43:49,518 - [Pred] Yes, there is a lamp on the dresser to the left side of the image.
2024-05-29 18:43:49,518 - [GT] This image shows a cozy bedroom. The room features a large blue comforter on the bed, which takes up a significant portion of the space. On the left, there is a wooden dresser with a circular mirror, and an array of decorative items and a lamp are placed on top. To the dancer's right-view, a window framed by curtains lets in natural light and gives a view of lush green foliage outside. Next to the window, there's a bookshelf filled with books and several plant pots on a bench, enhancing the room's homey feel. A notable and somewhat humorous aspect is a large red stop sign that appears digitally imposed on the window, adding an unexpected visual element to the serene room setting.
2024-05-29 18:43:49,518 - [Eval (same or not)] 1
2024-05-29 18:43:49,518 - [Attack Failed] lamp mentioned in the image-level caption exists.
2024-05-29 18:43:49,519 - *****
2024-05-29 18:43:56,064 - [Obj] curtains
2024-05-29 18:43:56,064 - [Q] Is there a curtains in this image?
2024-05-29 18:43:56,064 - [Pred] Yes, there are curtains in the image. They can be seen covering a window on the right side of the image, behind a bookshelf and some houseplants.
2024-05-29 18:43:56,065 - [GT] This image shows a cozy bedroom. The room features a large blue comforter on the bed, which takes up a significant portion of the space. On the left, there is a wooden dresser with a circular mirror, and an array of decorative items and a lamp are placed on top. To the dancer's right-view, a window framed by curtains lets in natural light and gives a view of lush green foliage outside. Next to the window, there's a bookshelf filled with books and several plant pots on a bench, enhancing the room's homey feel. A notable and somewhat humorous aspect is a large red stop sign that appears digitally imposed on the window, adding an unexpected visual element to the serene room setting.
2024-05-29 18:43:56,065 - [Eval (same or not)] 1
2024-05-29 18:43:56,065 - [Attack Failed] curtains mentioned in the image-level caption exists.
2024-05-29 18:43:56,065 - *****
2024-05-29 18:44:03,519 - [Obj] plant pots
2024-05-29 18:44:03,519 - [Q] Is there a plant pots in this image?
2024-05-29 18:44:03,519 - [Pred] Yes, there are plant pots in this image. To the right side by the window, there is a plant pot situated on the floor, and another one on a small piece of furniture next to the window.
2024-05-29 18:44:03,519 - [GT] This image shows a cozy bedroom. The room features a large blue comforter on the bed, which takes up a significant portion of the space. On the left, there is a wooden dresser with a circular mirror, and an array of decorative items and a lamp are placed on top. To the dancer's right-view, a window framed by curtains lets in natural light and gives a view of lush green foliage outside. Next to the window, there's a bookshelf filled with books and several plant pots on a bench, enhancing the room's homey feel. A notable and somewhat humorous aspect is a large red stop sign that appears digitally imposed on the window, adding an unexpected visual element to the serene room setting.
2024-05-29 18:44:03,519 - [Eval (same or not)] 1
2024-05-29 18:44:03,519 - [Attack Failed] plant pots mentioned in the image-level caption exists.
2024-05-29 18:44:03,519 - *****
2024-05-29 18:44:09,978 - [Obj] bench
2024-05-29 18:44:09,978 - [Q] Is there a bench in this image?
2024-05-29 18:44:09,978 - [Pred] Yes, there is a bench in the image. It's located by the window, underneath a stop sign decoration, and it has a cushion with a heart pattern on it.
2024-05-29 18:44:09,978 - [GT] This image shows a cozy bedroom. The room features a large blue comforter on the bed, which takes up a significant portion of the space. On the left, there is a wooden dresser with a circular mirror, and an array of decorative items and a lamp are placed on top. To the dancer's right-view, a window framed by curtains lets in natural light and gives a view of lush green foliage outside. Next to the window, there's a bookshelf filled with books and several plant pots on a bench, enhancing the room's homey feel. A notable and somewhat humorous aspect is a large red stop sign that appears digitally imposed on the window, adding an unexpected visual element to the serene room setting.
2024-05-29 18:44:09,978 - [Eval (same or not)] 1
2024-05-29 18:44:09,978 - [Attack Failed] bench mentioned in the image-level caption exists.
2024-05-29 18:44:09,978 - [Evaluation Model] Existence Eval Results: Existence Attack Success
2024-05-29 18:44:09,978 - ######
2024-05-29 18:44:09,978 - [ATTACK] Determine spatial relation between the irrelevant object 'stop sign' and the existing object: Blue bed comforter.
2024-05-29 18:44:09,978 - ######
2024-05-29 18:44:09,979 - [ATTACK] Determine spatial relation between the irrelevant object 'stop sign' and the existing object: Wooden bookshelf, books
2024-05-29 18:44:26,423 - [Obj] stop sign
2024-05-29 18:44:26,424 - [Q] Is the stop sign on the left of a/an Wooden bookshelf, books in this image, given their center positions?Where Wooden bookshelf, books is the one that Tall wooden bookshelf crammed with colorful books and a basket..
2024-05-29 18:44:26,424 - [Pred] In the image, the stop sign is appearing in the upper central part of the frame near the window. The wooden bookshelf, described as being tall and crammed with colorful books and a basket, is on the right side. The stop sign is not to the left but rather more centrally positioned relative to the wooden bookshelf. It is above and slightly to the left of the bookshelf when viewed from the perspective of the viewer, but it does not occupy a left position relative to the bookshelf if considering the entirety of the room's layout.
2024-05-29 18:44:26,424 - [GT] stop sign is on the left of a/an Wooden bookshelf, books in this imageWhere Wooden bookshelf, books is the one that Tall wooden bookshelf crammed with colorful books and a basket..
2024-05-29 18:44:26,424 - [Eval (same or not)] 0
2024-05-29 18:44:26,424 - [Attack Success] The spatial relation between the added irrelevant object and the existing object Wooden bookshelf, books (#5 closest) is not correct.
2024-05-29 18:44:59,623 - [Obj] The image depicts a typical octagonal stop sign, used prominently for road traffic control. This particular sign features a bright red background with bold, white capitalized letters spelling "STOP", ensuring it is highly visible from a distance. The surface shows signs of wear and distress, including scratches and grime, suggesting it has been exposed to the elements for a significant period. Notably, in smaller print, the bottom of the sign reads "CITY OF CHICAGO 1994," indicating its location and date of manufacture. Two rivets are visible at the top, likely used to secure the sign to its post, further emphasizing its practical utility in urban transportation management.
2024-05-29 18:44:59,623 - [Q] Is the object(The image depicts a typical octagonal stop sign, used prominently for road traffic control. This particular sign features a bright red background with bold, white capitalized letters spelling "STOP", ensuring it is highly visible from a distance. The surface shows signs of wear and distress, including scratches and grime, suggesting it has been exposed to the elements for a significant period. Notably, in smaller print, the bottom of the sign reads "CITY OF CHICAGO 1994," indicating its location and date of manufacture. Two rivets are visible at the top, likely used to secure the sign to its post, further emphasizing its practical utility in urban transportation management.) on the left of a/an Wooden bookshelf, books in this image, given their center positions?Where Wooden bookshelf, books is the one that Tall wooden bookshelf crammed with colorful books and a basket..
2024-05-29 18:44:59,623 - [Pred] The octagonal stop sign is superimposed on the window in the image and is not physically present in the room. The wooden bookshelf with books is located towards the right side of the image, slightly off-center. It stands fully stocked with books and has a basket at the bottom, positioned next to a window and a sitting area with cushions.
2024-05-29 18:44:59,623 - [GT] The object(The image depicts a typical octagonal stop sign, used prominently for road traffic control. This particular sign features a bright red background with bold, white capitalized letters spelling "STOP", ensuring it is highly visible from a distance. The surface shows signs of wear and distress, including scratches and grime, suggesting it has been exposed to the elements for a significant period. Notably, in smaller print, the bottom of the sign reads "CITY OF CHICAGO 1994," indicating its location and date of manufacture. Two rivets are visible at the top, likely used to secure the sign to its post, further emphasizing its practical utility in urban transportation management.) is on the left of a/an Wooden bookshelf, books in this imageWhere Wooden bookshelf, books is the one that Tall wooden bookshelf crammed with colorful books and a basket..
2024-05-29 18:44:59,623 - [Eval (same or not)] 0
2024-05-29 18:44:59,623 - [Attack Success] The spatial relation between the added irrelevant object and the existing object Wooden bookshelf, books (#5 closest) has conflict.
2024-05-29 18:44:59,623 - ######
2024-05-29 18:44:59,623 - [ATTACK] Determine spatial relation between the irrelevant object 'stop sign' and the existing object: Round wall mirror.
2024-05-29 18:45:26,797 - [Obj] stop sign
2024-05-29 18:45:26,797 - [Q] Is the stop sign on the right of a/an Round wall mirror. in this image, given their center positions?Where Round wall mirror. is the one that Circular mirror with a simple wooden frame, reflecting a room..
2024-05-29 18:45:26,797 - [Pred] In the image provided, the stop sign is edited into the scene and is located centrally on the windowpane. The round wall mirror, described as a circular mirror with a simple wooden frame, is on the left side of the room above a dresser. 

Based on their positions, the stop sign is not on the right of the round wall mirror. It is instead to the left of the mirror when viewed from the perspective of someone standing in front of the bed facing the window and the dresser.
2024-05-29 18:45:26,798 - [GT] stop sign is on the right of a/an Round wall mirror. in this imageWhere Round wall mirror. is the one that Circular mirror with a simple wooden frame, reflecting a room..
2024-05-29 18:45:26,798 - [Eval (same or not)] 0
2024-05-29 18:45:26,798 - [Attack Success] The spatial relation between the added irrelevant object and the existing object Round wall mirror. (#2 closest) is not correct.
2024-05-29 18:45:37,731 - [Obj] The image depicts a typical octagonal stop sign, used prominently for road traffic control. This particular sign features a bright red background with bold, white capitalized letters spelling "STOP", ensuring it is highly visible from a distance. The surface shows signs of wear and distress, including scratches and grime, suggesting it has been exposed to the elements for a significant period. Notably, in smaller print, the bottom of the sign reads "CITY OF CHICAGO 1994," indicating its location and date of manufacture. Two rivets are visible at the top, likely used to secure the sign to its post, further emphasizing its practical utility in urban transportation management.
2024-05-29 18:45:37,731 - [Q] Is the object(The image depicts a typical octagonal stop sign, used prominently for road traffic control. This particular sign features a bright red background with bold, white capitalized letters spelling "STOP", ensuring it is highly visible from a distance. The surface shows signs of wear and distress, including scratches and grime, suggesting it has been exposed to the elements for a significant period. Notably, in smaller print, the bottom of the sign reads "CITY OF CHICAGO 1994," indicating its location and date of manufacture. Two rivets are visible at the top, likely used to secure the sign to its post, further emphasizing its practical utility in urban transportation management.) on the right of a/an Round wall mirror. in this image, given their center positions?Where Round wall mirror. is the one that Circular mirror with a simple wooden frame, reflecting a room..
2024-05-29 18:45:37,731 - [Pred] In the provided image, the stop sign is indeed positioned to the right of the round wall mirror. Both objects are visible, and their relative positions are clear, with the octagonal stop sign being prominently displayed near a window on the right-hand side of the image, whereas the circular mirror with a simple wooden frame is situated towards the left, above a wooden dresser.
2024-05-29 18:45:37,731 - [GT] The object(The image depicts a typical octagonal stop sign, used prominently for road traffic control. This particular sign features a bright red background with bold, white capitalized letters spelling "STOP", ensuring it is highly visible from a distance. The surface shows signs of wear and distress, including scratches and grime, suggesting it has been exposed to the elements for a significant period. Notably, in smaller print, the bottom of the sign reads "CITY OF CHICAGO 1994," indicating its location and date of manufacture. Two rivets are visible at the top, likely used to secure the sign to its post, further emphasizing its practical utility in urban transportation management.) is on the right of a/an Round wall mirror. in this imageWhere Round wall mirror. is the one that Circular mirror with a simple wooden frame, reflecting a room..
2024-05-29 18:45:37,732 - [Eval (same or not)] 1
2024-05-29 18:45:37,732 - [Attack Failed] The spatial relation between the added irrelevant object and the existing object Round wall mirror. (#2 closest) has no conflict.
2024-05-29 18:45:37,732 - ######
2024-05-29 18:45:37,732 - [ATTACK] Determine spatial relation between the irrelevant object 'stop sign' and the existing object: Wooden bedroom dresser.
2024-05-29 18:45:45,669 - [Obj] stop sign
2024-05-29 18:45:45,670 - [Q] Is the stop sign above a/an Wooden bedroom dresser. in this image, given their center positions?Where Wooden bedroom dresser. is the one that Dark wooden dresser with six drawers and round knobs..
2024-05-29 18:45:45,670 - [Pred] The stop sign in the image is not directly above the dark wooden dresser. It appears to be digitally placed near the center-top part of the window, to the left side of the dresser which is positioned under the right side of the window. The dresser is a wooden piece of furniture with multiple drawers and round knobs, matching your description. The stop sign seems to be added for artistic or conceptual emphasis rather than representing anything physically placed above the dresser.
2024-05-29 18:45:45,670 - [GT] stop sign is above a/an Wooden bedroom dresser. in this imageWhere Wooden bedroom dresser. is the one that Dark wooden dresser with six drawers and round knobs..
2024-05-29 18:45:45,670 - [Eval (same or not)] 0
2024-05-29 18:45:45,670 - [Attack Success] The spatial relation between the added irrelevant object and the existing object Wooden bedroom dresser. (#3 closest) is not correct.
2024-05-29 18:45:55,686 - [Obj] The image depicts a typical octagonal stop sign, used prominently for road traffic control. This particular sign features a bright red background with bold, white capitalized letters spelling "STOP", ensuring it is highly visible from a distance. The surface shows signs of wear and distress, including scratches and grime, suggesting it has been exposed to the elements for a significant period. Notably, in smaller print, the bottom of the sign reads "CITY OF CHICAGO 1994," indicating its location and date of manufacture. Two rivets are visible at the top, likely used to secure the sign to its post, further emphasizing its practical utility in urban transportation management.
2024-05-29 18:45:55,686 - [Q] Is the object(The image depicts a typical octagonal stop sign, used prominently for road traffic control. This particular sign features a bright red background with bold, white capitalized letters spelling "STOP", ensuring it is highly visible from a distance. The surface shows signs of wear and distress, including scratches and grime, suggesting it has been exposed to the elements for a significant period. Notably, in smaller print, the bottom of the sign reads "CITY OF CHICAGO 1994," indicating its location and date of manufacture. Two rivets are visible at the top, likely used to secure the sign to its post, further emphasizing its practical utility in urban transportation management.) above a/an Wooden bedroom dresser. in this image, given their center positions?Where Wooden bedroom dresser. is the one that Dark wooden dresser with six drawers and round knobs..
2024-05-29 18:45:55,686 - [Pred] In the image you provided, the stop sign is not physically positioned over the wooden bedroom dresser. Instead, it appears to be superimposed or edited into the image, floating above and slightly off to the left side of the dark wooden dresser with round knobs, which is located near the center of the room close to a mirror. The dresser itself is situated against the wall, beneath a window, and adjacent to a shelf filled with books. This configuration in the room's layout indicates that the stop sign's placement in the image is not a reflection of its actual position within a physical space.
2024-05-29 18:45:55,686 - [GT] The object(The image depicts a typical octagonal stop sign, used prominently for road traffic control. This particular sign features a bright red background with bold, white capitalized letters spelling "STOP", ensuring it is highly visible from a distance. The surface shows signs of wear and distress, including scratches and grime, suggesting it has been exposed to the elements for a significant period. Notably, in smaller print, the bottom of the sign reads "CITY OF CHICAGO 1994," indicating its location and date of manufacture. Two rivets are visible at the top, likely used to secure the sign to its post, further emphasizing its practical utility in urban transportation management.) is above a/an Wooden bedroom dresser. in this imageWhere Wooden bedroom dresser. is the one that Dark wooden dresser with six drawers and round knobs..
2024-05-29 18:45:55,686 - [Eval (same or not)] 0
2024-05-29 18:45:55,686 - [Attack Success] The spatial relation between the added irrelevant object and the existing object Wooden bedroom dresser. (#3 closest) has conflict.
2024-05-29 18:45:55,686 - ######
2024-05-29 18:45:55,686 - [ATTACK] Determine spatial relation between the irrelevant object 'stop sign' and the existing object: Window with view
2024-05-29 18:46:14,298 - [Obj] stop sign
2024-05-29 18:46:14,298 - [Q] Is the stop sign on the front of a/an Window with view in this image, given their center positions?Where Window with view is the one that Window framing lush, vibrant green foliage outside..
2024-05-29 18:46:14,298 - [Pred] In the image, the stop sign appears to be on the window that frames lush, vibrant green foliage outside. The center positions can be approximated based on observable details: the stop sign is centered on the pane of the window showing the mentioned green foliage. This suggests that the stop sign is indeed placed on the front of the window with the view of the greenery.
2024-05-29 18:46:14,298 - [GT] stop sign is on the front of a/an Window with view in this imageWhere Window with view is the one that Window framing lush, vibrant green foliage outside..
2024-05-29 18:46:14,298 - [Eval (same or not)] 1
2024-05-29 18:46:14,298 - [Attack Failed] The spatial relation between the added irrelevant object and the existing object Window with view (#1 closest) is correct.
2024-05-29 18:46:29,383 - [Obj] The image depicts a typical octagonal stop sign, used prominently for road traffic control. This particular sign features a bright red background with bold, white capitalized letters spelling "STOP", ensuring it is highly visible from a distance. The surface shows signs of wear and distress, including scratches and grime, suggesting it has been exposed to the elements for a significant period. Notably, in smaller print, the bottom of the sign reads "CITY OF CHICAGO 1994," indicating its location and date of manufacture. Two rivets are visible at the top, likely used to secure the sign to its post, further emphasizing its practical utility in urban transportation management.
2024-05-29 18:46:29,383 - [Q] Is the object(The image depicts a typical octagonal stop sign, used prominently for road traffic control. This particular sign features a bright red background with bold, white capitalized letters spelling "STOP", ensuring it is highly visible from a distance. The surface shows signs of wear and distress, including scratches and grime, suggesting it has been exposed to the elements for a significant period. Notably, in smaller print, the bottom of the sign reads "CITY OF CHICAGO 1994," indicating its location and date of manufacture. Two rivets are visible at the top, likely used to secure the sign to its post, further emphasizing its practical utility in urban transportation management.) on the front of a/an Window with view in this image, given their center positions?Where Window with view is the one that Window framing lush, vibrant green foliage outside..
2024-05-29 18:46:29,383 - [Pred] From the image, it appears that the stop sign is indeed placed at the center of the window, which frames a view of vibrant green foliage outside. The stop sign's central positioning in the window creates a focal point that draws the eye, integrating it humorously and effectively within the domestic scene. This unusual placement in a bedroom window contrasts its typical use in road traffic control, giving the room a unique decorative twist.
2024-05-29 18:46:29,383 - [GT] The object(The image depicts a typical octagonal stop sign, used prominently for road traffic control. This particular sign features a bright red background with bold, white capitalized letters spelling "STOP", ensuring it is highly visible from a distance. The surface shows signs of wear and distress, including scratches and grime, suggesting it has been exposed to the elements for a significant period. Notably, in smaller print, the bottom of the sign reads "CITY OF CHICAGO 1994," indicating its location and date of manufacture. Two rivets are visible at the top, likely used to secure the sign to its post, further emphasizing its practical utility in urban transportation management.) is on the front of a/an Window with view in this imageWhere Window with view is the one that Window framing lush, vibrant green foliage outside..
2024-05-29 18:46:29,383 - [Eval (same or not)] 1
2024-05-29 18:46:29,383 - [Attack Failed] The spatial relation between the added irrelevant object and the existing object Window with view (#1 closest) has no conflict.
2024-05-29 18:46:29,383 - [Evaluation Model] Spatial Relation Eval Results: Spatial Relation Attack Success
