2024-05-23 23:42:37,823 - [Input] scene constrain: None
2024-05-23 23:42:37,823 - [Generated] scene name: Modern kitchen interior.
2024-05-23 23:42:37,823 - [Target Model Generated] Found objects in the initial image: ['kitchen counter', ' bar stools', ' pendant lights', ' fruit basket', ' clock']
2024-05-23 23:42:37,823 - [Target Model Generated] Target object (Removed, for attack):  bar stools
2024-05-23 23:42:37,823 - [Generated] new generated scene: True
2024-05-23 23:42:37,823 - [Generated] scene diversity: True
2024-05-23 23:42:37,823 - [Generated] new scene img: True
2024-05-23 23:42:37,823 - [Generated] new object removal: True
2024-05-23 23:43:12,924 - [Detection Model] detected objects: ['Modern kitchen island.', 'Glass pendant light', 'Wicker snack basket.', 'Round wall clock.']
2024-05-23 23:43:12,924 - [Target Model Generated] detected object captions: ['Sleek black kitchen island with integrated sink and white stools.', 'Clear glass cone-shaped pendant light with visible filament bulb.', 'A wicker basket filled with various snack items.', 'Gold-rimmed wall clock with large, clear Roman numerals.']
2024-05-23 23:43:12,924 - [Target Model Generated] Target object caption (Removed, for attack): The bar stool in the image features a modern, sleek design primarily composed of a chromed metal frame that gives it a reflective and shiny appearance. The seat of the stool is round and cushioned, upholstered with what appears to be black leather or a similar material, which contrasts nicely with the metallic sheen of the legs. The legs are uniquely styled with an elegant curvature that not only supports the stool but also adds an artistic touch to its overall design. The base incorporates a circular footrest which enhances comfort, facilitating a relaxed seating position ideal for leisurely sitting at a bar. This stool combines functionality with aesthetics, making it both a practical piece of furniture and a stylish addition to contemporary décor.
2024-05-23 23:43:25,727 - [Target Model Generated] image-level caption: The image shows a modern kitchen with a stylish and functional design. The kitchen features a long counter with a dark, possibly black finish, and a sizable kitchen island that also acts as a breakfast bar. The countertop material appears smooth and reflective, complementing the black cabinetry.

Above the island, there are three pendant lights with cone-shaped, clear glass fixtures, enhancing the contemporary look of the space. The lighting provides a warm and inviting ambiance.

The kitchen is equipped with a stainless steel double sink and a range with a gas cooktop and an extractor hood above it, suggesting a setup ideal for cooking. Small appliances like a toaster and a kettle are visible, suggesting the kitchen is well-used and functional.

To one side, there is a white door leading to another room, and the wall is adorned with a simple yet elegant clock. Decorative elements include a basket filled with bread and packages, and a bowl of fresh fruits, adding a touch of homeliness to the otherwise sleek and minimalist decor.

Towels hanging neatly on the side of the island add a practical touch for quick access while cooking or cleaning. Overall, the kitchen presents a clean, organized, and stylish space optimized for cooking and social interaction.
2024-05-23 23:43:25,727 - [Target Model Generated] Spatial Relations (w.r.t. detected objects): ['front']; ['right', 'down']; ['right', 'down']; ['left', 'down']; 
2024-05-23 23:43:25,727 - [Target Model Generated] Non-existing Target-detected Object Distances: [258.897663179875, 759.0546752375616, 664.1114364321699, 538.865474863625]
2024-05-23 23:43:25,727 - ######
2024-05-23 23:43:25,727 - [ATTACK] Remove an existing object ' bar stools' -- existence
2024-05-23 23:43:31,728 - [Removed Obj]  bar stools
2024-05-23 23:43:31,728 - [Q] Is there a/an  bar stools in this image?
2024-05-23 23:43:31,728 - [Pred] Yes, there are bar stools in the image. You can see two of them at the counter with white towels hanging on them.
2024-05-23 23:43:31,728 - [GT] There is no  bar stools.
2024-05-23 23:43:31,728 - [Eval (same or not)] 0
2024-05-23 23:43:31,728 - [Attack Success] Removed object mistakenly detected.
2024-05-23 23:43:31,728 - ######
2024-05-23 23:43:31,728 - [ATTACK] Remove an existing object ' bar stools' with object-level caption -- existence
2024-05-23 23:43:38,448 - [Removed Obj]  bar stools
2024-05-23 23:43:38,448 - [Q] Is there a/an  bar stools in this image? This object is The bar stool in the image features a modern, sleek design primarily composed of a chromed metal frame that gives it a reflective and shiny appearance. The seat of the stool is round and cushioned, upholstered with what appears to be black leather or a similar material, which contrasts nicely with the metallic sheen of the legs. The legs are uniquely styled with an elegant curvature that not only supports the stool but also adds an artistic touch to its overall design. The base incorporates a circular footrest which enhances comfort, facilitating a relaxed seating position ideal for leisurely sitting at a bar. This stool combines functionality with aesthetics, making it both a practical piece of furniture and a stylish addition to contemporary décor.
2024-05-23 23:43:38,448 - [Pred] There is no bar stool visible in the image. The image showcases a modern kitchen with a counter, but it does not include any bar stools as you described. The visible furnishings are lights, a basket on the counter, and a hanging cloth on the cabinet, but no chairs or stools are present.
2024-05-23 23:43:38,448 - [GT] There is no  bar stools.
2024-05-23 23:43:38,448 - [Eval (same or not)] 1
2024-05-23 23:43:38,448 - [Attack Failed] Removed object not detected, with object-level caption in the question.
2024-05-23 23:43:38,448 - ######
2024-05-23 23:43:38,448 - [ATTACK] Remove an existing object ' bar stools' with other existing object captions -- existence
2024-05-23 23:43:46,623 - [Removed Obj]  bar stools
2024-05-23 23:43:46,623 - [Q] In this image, We have existing objects including: Sleek black kitchen island with integrated sink and white stools.Clear glass cone-shaped pendant light with visible filament bulb.A wicker basket filled with various snack items.Gold-rimmed wall clock with large, clear Roman numerals.. Is there a/an  bar stools in this image?
2024-05-23 23:43:46,623 - [Pred] Yes, there are white stools visible in the image, positioned at the kitchen island. These could be considered bar stools given their height and setting by the counter.
2024-05-23 23:43:46,623 - [GT] There is no  bar stools.
2024-05-23 23:43:46,623 - [Eval (same or not)] 0
2024-05-23 23:43:46,623 - [Attack Success] Removed object mistakenly detected, with other existing object captions in the question.
2024-05-23 23:43:46,623 - ######
2024-05-23 23:43:46,623 - [ATTACK] Remove an existing object ' bar stools' with image-level captions -- existence
2024-05-23 23:43:54,063 - [Removed Obj]  bar stools
2024-05-23 23:43:54,063 - [Q] This image depicts The image shows a modern kitchen with a stylish and functional design. The kitchen features a long counter with a dark, possibly black finish, and a sizable kitchen island that also acts as a breakfast bar. The countertop material appears smooth and reflective, complementing the black cabinetry.

Above the island, there are three pendant lights with cone-shaped, clear glass fixtures, enhancing the contemporary look of the space. The lighting provides a warm and inviting ambiance.

The kitchen is equipped with a stainless steel double sink and a range with a gas cooktop and an extractor hood above it, suggesting a setup ideal for cooking. Small appliances like a toaster and a kettle are visible, suggesting the kitchen is well-used and functional.

To one side, there is a white door leading to another room, and the wall is adorned with a simple yet elegant clock. Decorative elements include a basket filled with bread and packages, and a bowl of fresh fruits, adding a touch of homeliness to the otherwise sleek and minimalist decor.

Towels hanging neatly on the side of the island add a practical touch for quick access while cooking or cleaning. Overall, the kitchen presents a clean, organized, and stylish space optimized for cooking and social interaction.. Is there a/an  bar stools in this image?
2024-05-23 23:43:54,063 - [Pred] Yes, there are bar stools in the image. They are located on the opposite side of the kitchen island, with their backs to the camera. The bar stools appear to be modern in design, with a sleek and minimalistic look, complementing the overall style of the kitchen.
2024-05-23 23:43:54,063 - [GT] There is no  bar stools.
2024-05-23 23:43:54,063 - [Eval (same or not)] 0
2024-05-23 23:43:54,063 - [Attack Success] Removed object mistakenly detected, with image-level captions in the question.
2024-05-23 23:43:54,970 - [Attack Success] Removed object inconsistent between responses with and without object-level caption.
2024-05-23 23:43:55,876 - [Attack Failed] Removed object consistent between responses with and without other object captions.
2024-05-23 23:43:56,782 - [Attack Success] Removed object inconsistent between responses with and without image-level captions.
2024-05-23 23:43:57,684 - [Attack Success] Removed object inconsistent between responses with object-level and other object captions.
2024-05-23 23:43:58,607 - [Attack Success] Removed object inconsistent between responses with object-level and image-level captions.
2024-05-23 23:43:59,575 - [Attack Failed] Removed object consistent between responses with other object and image-level captions.
2024-05-23 23:43:59,575 - [Evaluation Model] Existence Eval Results: Existence Attack Success (Removed object)
2024-05-23 23:43:59,575 - ######
2024-05-23 23:43:59,575 - [ATTACK] Determine spatial relation between the removed object ' bar stools' and the existing object: Modern kitchen island.. The model should insist no.
2024-05-23 23:44:07,907 - [Obj]  bar stools
2024-05-23 23:44:07,907 - [Q] Is the  bar stools on the front of a/an Modern kitchen island. in this image, given their center positions?Where Modern kitchen island. is the one that Sleek black kitchen island with integrated sink and white stools..
2024-05-23 23:44:07,907 - [Pred] Yes, the bar stools in the image are positioned at the front center of the modern kitchen island. The sleek black kitchen island features an integrated sink, and the white stools are centrally located along the length of the island, complementing its design and providing a seating area. The positioning allows for a functional and social space within the kitchen layout.
2024-05-23 23:44:07,907 - [GT] There is no  bar stools. bar stools is not on the front of a/an Modern kitchen island. in this imageWhere Modern kitchen island. is the one that Sleek black kitchen island with integrated sink and white stools..
2024-05-23 23:44:07,907 - [Eval (same or not)] 0
2024-05-23 23:44:07,907 - [Attack Success] The spatial relation between the removed, non-existing object and the existing object Modern kitchen island. (#1 closest) is not correct.
2024-05-23 23:44:15,283 - [Obj] The bar stool in the image features a modern, sleek design primarily composed of a chromed metal frame that gives it a reflective and shiny appearance. The seat of the stool is round and cushioned, upholstered with what appears to be black leather or a similar material, which contrasts nicely with the metallic sheen of the legs. The legs are uniquely styled with an elegant curvature that not only supports the stool but also adds an artistic touch to its overall design. The base incorporates a circular footrest which enhances comfort, facilitating a relaxed seating position ideal for leisurely sitting at a bar. This stool combines functionality with aesthetics, making it both a practical piece of furniture and a stylish addition to contemporary décor.
2024-05-23 23:44:15,283 - [Q] Is the object(The bar stool in the image features a modern, sleek design primarily composed of a chromed metal frame that gives it a reflective and shiny appearance. The seat of the stool is round and cushioned, upholstered with what appears to be black leather or a similar material, which contrasts nicely with the metallic sheen of the legs. The legs are uniquely styled with an elegant curvature that not only supports the stool but also adds an artistic touch to its overall design. The base incorporates a circular footrest which enhances comfort, facilitating a relaxed seating position ideal for leisurely sitting at a bar. This stool combines functionality with aesthetics, making it both a practical piece of furniture and a stylish addition to contemporary décor.) on the front of a/an Modern kitchen island. in this image, given their center positions?Where Modern kitchen island. is the one that Sleek black kitchen island with integrated sink and white stools..
2024-05-23 23:44:15,283 - [Pred] The bar stools shown in the image are not the described modern, sleek design with a chromed metal frame and black leather cushioning. Instead, the stools in the image are simple, minimalist white stools without visible cushioning. They offer a different style that contrasts with the predominantly black color scheme of the kitchen island and its surroundings.
2024-05-23 23:44:15,283 - [GT] There is no  bar stools.The object(The bar stool in the image features a modern, sleek design primarily composed of a chromed metal frame that gives it a reflective and shiny appearance. The seat of the stool is round and cushioned, upholstered with what appears to be black leather or a similar material, which contrasts nicely with the metallic sheen of the legs. The legs are uniquely styled with an elegant curvature that not only supports the stool but also adds an artistic touch to its overall design. The base incorporates a circular footrest which enhances comfort, facilitating a relaxed seating position ideal for leisurely sitting at a bar. This stool combines functionality with aesthetics, making it both a practical piece of furniture and a stylish addition to contemporary décor.) is not on the front of a/an Modern kitchen island. in this imageWhere Modern kitchen island. is the one that Sleek black kitchen island with integrated sink and white stools..
2024-05-23 23:44:15,283 - [Eval (same or not)] 1
2024-05-23 23:44:15,283 - [Attack Failed] The spatial relation between the removed, non-existing object and the existing object Modern kitchen island. (#1 closest) has no conflict.
2024-05-23 23:44:15,283 - ######
2024-05-23 23:44:15,283 - [ATTACK] Determine spatial relation between the removed object ' bar stools' and the existing object: Glass pendant light. The model should insist no.
2024-05-23 23:44:21,738 - [Obj]  bar stools
2024-05-23 23:44:21,738 - [Q] Is the  bar stools on the right of a/an Glass pendant light in this image, given their center positions?Where Glass pendant light is the one that Clear glass cone-shaped pendant light with visible filament bulb..
2024-05-23 23:44:21,738 - [Pred] The bar stools in the image are positioned directly under the glass pendant lights, centered beneath each fixture. These clear glass cone-shaped pendant lights with visible filament bulbs indeed align well with the bar stools, making them properly illuminated and enhancing the seating area's aesthetics.
2024-05-23 23:44:21,738 - [GT] There is no  bar stools. bar stools is not on the right of a/an Glass pendant light in this imageWhere Glass pendant light is the one that Clear glass cone-shaped pendant light with visible filament bulb..
2024-05-23 23:44:21,738 - [Eval (same or not)] 0
2024-05-23 23:44:21,738 - [Attack Success] The spatial relation between the removed, non-existing object and the existing object Glass pendant light (#4 closest) is not correct.
2024-05-23 23:44:30,287 - [Obj] The bar stool in the image features a modern, sleek design primarily composed of a chromed metal frame that gives it a reflective and shiny appearance. The seat of the stool is round and cushioned, upholstered with what appears to be black leather or a similar material, which contrasts nicely with the metallic sheen of the legs. The legs are uniquely styled with an elegant curvature that not only supports the stool but also adds an artistic touch to its overall design. The base incorporates a circular footrest which enhances comfort, facilitating a relaxed seating position ideal for leisurely sitting at a bar. This stool combines functionality with aesthetics, making it both a practical piece of furniture and a stylish addition to contemporary décor.
2024-05-23 23:44:30,287 - [Q] Is the object(The bar stool in the image features a modern, sleek design primarily composed of a chromed metal frame that gives it a reflective and shiny appearance. The seat of the stool is round and cushioned, upholstered with what appears to be black leather or a similar material, which contrasts nicely with the metallic sheen of the legs. The legs are uniquely styled with an elegant curvature that not only supports the stool but also adds an artistic touch to its overall design. The base incorporates a circular footrest which enhances comfort, facilitating a relaxed seating position ideal for leisurely sitting at a bar. This stool combines functionality with aesthetics, making it both a practical piece of furniture and a stylish addition to contemporary décor.) on the right of a/an Glass pendant light in this image, given their center positions?Where Glass pendant light is the one that Clear glass cone-shaped pendant light with visible filament bulb..
2024-05-23 23:44:30,287 - [Pred] In the image you provided, there is no bar stool visible. The focus of the image is primarily on the kitchen area, featuring modern appliances, cabinets, and pendant lights hanging above the counter. As the bar stool is not visible in this image, it's not possible to determine its position relative to the glass pendant light or any other object in the scene. If you need information or analysis on any other visible elements in the image, feel free to ask!
2024-05-23 23:44:30,287 - [GT] There is no  bar stools.The object(The bar stool in the image features a modern, sleek design primarily composed of a chromed metal frame that gives it a reflective and shiny appearance. The seat of the stool is round and cushioned, upholstered with what appears to be black leather or a similar material, which contrasts nicely with the metallic sheen of the legs. The legs are uniquely styled with an elegant curvature that not only supports the stool but also adds an artistic touch to its overall design. The base incorporates a circular footrest which enhances comfort, facilitating a relaxed seating position ideal for leisurely sitting at a bar. This stool combines functionality with aesthetics, making it both a practical piece of furniture and a stylish addition to contemporary décor.) is not on the right of a/an Glass pendant light in this imageWhere Glass pendant light is the one that Clear glass cone-shaped pendant light with visible filament bulb..
2024-05-23 23:44:30,287 - [Eval (same or not)] 1
2024-05-23 23:44:30,287 - [Attack Failed] The spatial relation between the removed, non-existing object and the existing object Glass pendant light (#4 closest) has no conflict.
2024-05-23 23:44:37,132 - [Obj]  bar stools
2024-05-23 23:44:37,132 - [Q] Is the  bar stools below a/an Glass pendant light in this image, given their center positions?Where Glass pendant light is the one that Clear glass cone-shaped pendant light with visible filament bulb..
2024-05-23 23:44:37,132 - [Pred] In the image, three glass pendant lights are hanging above the kitchen island. These lights appear to match the description provided: clear glass cone-shaped with visible filament bulbs. The positioning of these lights is centered over the island, and it is logical to assume bar stools would be placed below them for seating at the island, aligning with the central, symmetrical design typically seen in modern kitchens.
2024-05-23 23:44:37,132 - [GT] There is no  bar stools. bar stools is not below a/an Glass pendant light in this imageWhere Glass pendant light is the one that Clear glass cone-shaped pendant light with visible filament bulb..
2024-05-23 23:44:37,132 - [Eval (same or not)] 0
2024-05-23 23:44:37,132 - [Attack Success] The spatial relation between the removed, non-existing object and the existing object Glass pendant light (#4 closest) is not correct.
2024-05-23 23:44:46,548 - [Obj] The bar stool in the image features a modern, sleek design primarily composed of a chromed metal frame that gives it a reflective and shiny appearance. The seat of the stool is round and cushioned, upholstered with what appears to be black leather or a similar material, which contrasts nicely with the metallic sheen of the legs. The legs are uniquely styled with an elegant curvature that not only supports the stool but also adds an artistic touch to its overall design. The base incorporates a circular footrest which enhances comfort, facilitating a relaxed seating position ideal for leisurely sitting at a bar. This stool combines functionality with aesthetics, making it both a practical piece of furniture and a stylish addition to contemporary décor.
2024-05-23 23:44:46,548 - [Q] Is the object(The bar stool in the image features a modern, sleek design primarily composed of a chromed metal frame that gives it a reflective and shiny appearance. The seat of the stool is round and cushioned, upholstered with what appears to be black leather or a similar material, which contrasts nicely with the metallic sheen of the legs. The legs are uniquely styled with an elegant curvature that not only supports the stool but also adds an artistic touch to its overall design. The base incorporates a circular footrest which enhances comfort, facilitating a relaxed seating position ideal for leisurely sitting at a bar. This stool combines functionality with aesthetics, making it both a practical piece of furniture and a stylish addition to contemporary décor.) below a/an Glass pendant light in this image, given their center positions?Where Glass pendant light is the one that Clear glass cone-shaped pendant light with visible filament bulb..
2024-05-23 23:44:46,548 - [Pred] It appears that there is a bar stool directly below each of the glass pendant lights in the image. Positioned in the center of the image along the kitchen bar, each stool aligns neatly underneath the corresponding pendant light, creating a symmetrical and organized appearance in the workspace. This arrangement enhances both the functionality and aesthetic appeal of the kitchen area, providing well-lit seating spaces ideal for dining or socializing.
2024-05-23 23:44:46,548 - [GT] There is no  bar stools.The object(The bar stool in the image features a modern, sleek design primarily composed of a chromed metal frame that gives it a reflective and shiny appearance. The seat of the stool is round and cushioned, upholstered with what appears to be black leather or a similar material, which contrasts nicely with the metallic sheen of the legs. The legs are uniquely styled with an elegant curvature that not only supports the stool but also adds an artistic touch to its overall design. The base incorporates a circular footrest which enhances comfort, facilitating a relaxed seating position ideal for leisurely sitting at a bar. This stool combines functionality with aesthetics, making it both a practical piece of furniture and a stylish addition to contemporary décor.) is not below a/an Glass pendant light in this imageWhere Glass pendant light is the one that Clear glass cone-shaped pendant light with visible filament bulb..
2024-05-23 23:44:46,548 - [Eval (same or not)] 0
2024-05-23 23:44:46,548 - [Attack Success] The spatial relation between the removed, non-existing object and the existing object Glass pendant light (#4 closest) has conflict.
2024-05-23 23:44:46,552 - ######
2024-05-23 23:44:46,552 - [ATTACK] Determine spatial relation between the removed object ' bar stools' and the existing object: Wicker snack basket.. The model should insist no.
2024-05-23 23:44:52,700 - [Obj]  bar stools
2024-05-23 23:44:52,700 - [Q] Is the  bar stools on the right of a/an Wicker snack basket. in this image, given their center positions?Where Wicker snack basket. is the one that A wicker basket filled with various snack items..
2024-05-23 23:44:52,700 - [Pred] In the image, the bar stools are on the right side of the wicker snack basket which is placed on the left side of the kitchen counter. The stools' position in relation to the wicker snack basket, based on the layout of items captured in the frame, is indeed off-center to the right.
2024-05-23 23:44:52,700 - [GT] There is no  bar stools. bar stools is not on the right of a/an Wicker snack basket. in this imageWhere Wicker snack basket. is the one that A wicker basket filled with various snack items..
2024-05-23 23:44:52,700 - [Eval (same or not)] 0
2024-05-23 23:44:52,700 - [Attack Success] The spatial relation between the removed, non-existing object and the existing object Wicker snack basket. (#3 closest) is not correct.
2024-05-23 23:44:59,564 - [Obj] The bar stool in the image features a modern, sleek design primarily composed of a chromed metal frame that gives it a reflective and shiny appearance. The seat of the stool is round and cushioned, upholstered with what appears to be black leather or a similar material, which contrasts nicely with the metallic sheen of the legs. The legs are uniquely styled with an elegant curvature that not only supports the stool but also adds an artistic touch to its overall design. The base incorporates a circular footrest which enhances comfort, facilitating a relaxed seating position ideal for leisurely sitting at a bar. This stool combines functionality with aesthetics, making it both a practical piece of furniture and a stylish addition to contemporary décor.
2024-05-23 23:44:59,564 - [Q] Is the object(The bar stool in the image features a modern, sleek design primarily composed of a chromed metal frame that gives it a reflective and shiny appearance. The seat of the stool is round and cushioned, upholstered with what appears to be black leather or a similar material, which contrasts nicely with the metallic sheen of the legs. The legs are uniquely styled with an elegant curvature that not only supports the stool but also adds an artistic touch to its overall design. The base incorporates a circular footrest which enhances comfort, facilitating a relaxed seating position ideal for leisurely sitting at a bar. This stool combines functionality with aesthetics, making it both a practical piece of furniture and a stylish addition to contemporary décor.) on the right of a/an Wicker snack basket. in this image, given their center positions?Where Wicker snack basket. is the one that A wicker basket filled with various snack items..
2024-05-23 23:44:59,564 - [Pred] In the image provided, the object to the right of the wicker snack basket (located on the left side of the image) is the kitchen sink area. The bar stool in question is not visible in this image. The primary focus near the wicker basket is indeed the kitchen counter and its appliances.
2024-05-23 23:44:59,564 - [GT] There is no  bar stools.The object(The bar stool in the image features a modern, sleek design primarily composed of a chromed metal frame that gives it a reflective and shiny appearance. The seat of the stool is round and cushioned, upholstered with what appears to be black leather or a similar material, which contrasts nicely with the metallic sheen of the legs. The legs are uniquely styled with an elegant curvature that not only supports the stool but also adds an artistic touch to its overall design. The base incorporates a circular footrest which enhances comfort, facilitating a relaxed seating position ideal for leisurely sitting at a bar. This stool combines functionality with aesthetics, making it both a practical piece of furniture and a stylish addition to contemporary décor.) is not on the right of a/an Wicker snack basket. in this imageWhere Wicker snack basket. is the one that A wicker basket filled with various snack items..
2024-05-23 23:44:59,564 - [Eval (same or not)] 1
2024-05-23 23:44:59,564 - [Attack Failed] The spatial relation between the removed, non-existing object and the existing object Wicker snack basket. (#3 closest) has no conflict.
2024-05-23 23:45:07,172 - [Obj]  bar stools
2024-05-23 23:45:07,172 - [Q] Is the  bar stools below a/an Wicker snack basket. in this image, given their center positions?Where Wicker snack basket. is the one that A wicker basket filled with various snack items..
2024-05-23 23:45:07,172 - [Pred] In the image, the items you might be referring to as "bar stools" are actually not visible. What is visible and centrally positioned on the countertop near the left side is a wicker basket. This basket does appear to contain various snack items, fitting the description of a "Wicker snack basket."
2024-05-23 23:45:07,172 - [GT] There is no  bar stools. bar stools is not below a/an Wicker snack basket. in this imageWhere Wicker snack basket. is the one that A wicker basket filled with various snack items..
2024-05-23 23:45:07,172 - [Eval (same or not)] 0
2024-05-23 23:45:07,172 - [Attack Success] The spatial relation between the removed, non-existing object and the existing object Wicker snack basket. (#3 closest) is not correct.
2024-05-23 23:45:15,175 - [Obj] The bar stool in the image features a modern, sleek design primarily composed of a chromed metal frame that gives it a reflective and shiny appearance. The seat of the stool is round and cushioned, upholstered with what appears to be black leather or a similar material, which contrasts nicely with the metallic sheen of the legs. The legs are uniquely styled with an elegant curvature that not only supports the stool but also adds an artistic touch to its overall design. The base incorporates a circular footrest which enhances comfort, facilitating a relaxed seating position ideal for leisurely sitting at a bar. This stool combines functionality with aesthetics, making it both a practical piece of furniture and a stylish addition to contemporary décor.
2024-05-23 23:45:15,175 - [Q] Is the object(The bar stool in the image features a modern, sleek design primarily composed of a chromed metal frame that gives it a reflective and shiny appearance. The seat of the stool is round and cushioned, upholstered with what appears to be black leather or a similar material, which contrasts nicely with the metallic sheen of the legs. The legs are uniquely styled with an elegant curvature that not only supports the stool but also adds an artistic touch to its overall design. The base incorporates a circular footrest which enhances comfort, facilitating a relaxed seating position ideal for leisurely sitting at a bar. This stool combines functionality with aesthetics, making it both a practical piece of furniture and a stylish addition to contemporary décor.) below a/an Wicker snack basket. in this image, given their center positions?Where Wicker snack basket. is the one that A wicker basket filled with various snack items..
2024-05-23 23:45:15,175 - [Pred] In the image, the wicker snack basket is located on the left-hand side of the kitchen counter. Directly below it, there isn't a bar stool visible. Instead, you can see part of the kitchen flooring under the counter where the basket is placed. The kitchen features a modern design with black cabinetry and stainless steel appliances, complete with hanging pendant lights and fruit displayed on the counter to the right.
2024-05-23 23:45:15,175 - [GT] There is no  bar stools.The object(The bar stool in the image features a modern, sleek design primarily composed of a chromed metal frame that gives it a reflective and shiny appearance. The seat of the stool is round and cushioned, upholstered with what appears to be black leather or a similar material, which contrasts nicely with the metallic sheen of the legs. The legs are uniquely styled with an elegant curvature that not only supports the stool but also adds an artistic touch to its overall design. The base incorporates a circular footrest which enhances comfort, facilitating a relaxed seating position ideal for leisurely sitting at a bar. This stool combines functionality with aesthetics, making it both a practical piece of furniture and a stylish addition to contemporary décor.) is not below a/an Wicker snack basket. in this imageWhere Wicker snack basket. is the one that A wicker basket filled with various snack items..
2024-05-23 23:45:15,175 - [Eval (same or not)] 1
2024-05-23 23:45:15,175 - [Attack Failed] The spatial relation between the removed, non-existing object and the existing object Wicker snack basket. (#3 closest) has no conflict.
2024-05-23 23:45:15,175 - ######
2024-05-23 23:45:15,175 - [ATTACK] Determine spatial relation between the removed object ' bar stools' and the existing object: Round wall clock.. The model should insist no.
2024-05-23 23:45:23,136 - [Obj]  bar stools
2024-05-23 23:45:23,136 - [Q] Is the  bar stools on the left of a/an Round wall clock. in this image, given their center positions?Where Round wall clock. is the one that Gold-rimmed wall clock with large, clear Roman numerals..
2024-05-23 23:45:23,136 - [Pred] The bar stools in the image are positioned to the left of the round wall clock, which is gold-rimmed with large, clear Roman numerals, located on the right wall of the kitchen. The stools and the clock are not aligned center-to-center; the stools are more towards the center of the kitchen island, while the clock is on the far right side of the kitchen space.
2024-05-23 23:45:23,136 - [GT] There is no  bar stools. bar stools is not on the left of a/an Round wall clock. in this imageWhere Round wall clock. is the one that Gold-rimmed wall clock with large, clear Roman numerals..
2024-05-23 23:45:23,136 - [Eval (same or not)] 0
2024-05-23 23:45:23,136 - [Attack Success] The spatial relation between the removed, non-existing object and the existing object Round wall clock. (#2 closest) is not correct.
2024-05-23 23:45:32,324 - [Obj] The bar stool in the image features a modern, sleek design primarily composed of a chromed metal frame that gives it a reflective and shiny appearance. The seat of the stool is round and cushioned, upholstered with what appears to be black leather or a similar material, which contrasts nicely with the metallic sheen of the legs. The legs are uniquely styled with an elegant curvature that not only supports the stool but also adds an artistic touch to its overall design. The base incorporates a circular footrest which enhances comfort, facilitating a relaxed seating position ideal for leisurely sitting at a bar. This stool combines functionality with aesthetics, making it both a practical piece of furniture and a stylish addition to contemporary décor.
2024-05-23 23:45:32,324 - [Q] Is the object(The bar stool in the image features a modern, sleek design primarily composed of a chromed metal frame that gives it a reflective and shiny appearance. The seat of the stool is round and cushioned, upholstered with what appears to be black leather or a similar material, which contrasts nicely with the metallic sheen of the legs. The legs are uniquely styled with an elegant curvature that not only supports the stool but also adds an artistic touch to its overall design. The base incorporates a circular footrest which enhances comfort, facilitating a relaxed seating position ideal for leisurely sitting at a bar. This stool combines functionality with aesthetics, making it both a practical piece of furniture and a stylish addition to contemporary décor.) on the left of a/an Round wall clock. in this image, given their center positions?Where Round wall clock. is the one that Gold-rimmed wall clock with large, clear Roman numerals..
2024-05-23 23:45:32,324 - [Pred] In the image, the gold-rimmed wall clock with large Roman numerals is located on the right side of the wall near the corner of the kitchen. There does not appear to be a visible bar stool in the image. The scene primarily shows a kitchen counter with hanging towels and a basket, but no bar stools are in view. Therefore, there is no object like a bar stool to the left of the round wall clock based on the content visible in this image.
2024-05-23 23:45:32,324 - [GT] There is no  bar stools.The object(The bar stool in the image features a modern, sleek design primarily composed of a chromed metal frame that gives it a reflective and shiny appearance. The seat of the stool is round and cushioned, upholstered with what appears to be black leather or a similar material, which contrasts nicely with the metallic sheen of the legs. The legs are uniquely styled with an elegant curvature that not only supports the stool but also adds an artistic touch to its overall design. The base incorporates a circular footrest which enhances comfort, facilitating a relaxed seating position ideal for leisurely sitting at a bar. This stool combines functionality with aesthetics, making it both a practical piece of furniture and a stylish addition to contemporary décor.) is not on the left of a/an Round wall clock. in this imageWhere Round wall clock. is the one that Gold-rimmed wall clock with large, clear Roman numerals..
2024-05-23 23:45:32,324 - [Eval (same or not)] 1
2024-05-23 23:45:32,324 - [Attack Failed] The spatial relation between the removed, non-existing object and the existing object Round wall clock. (#2 closest) has no conflict.
2024-05-23 23:45:40,186 - [Obj]  bar stools
2024-05-23 23:45:40,186 - [Q] Is the  bar stools below a/an Round wall clock. in this image, given their center positions?Where Round wall clock. is the one that Gold-rimmed wall clock with large, clear Roman numerals..
2024-05-23 23:45:40,186 - [Pred] In the image, the wall clock mentioned as a "gold-rimmed wall clock with large, clear Roman numerals" is not accurately described. The clock in the image is a round wall clock with a silver rim and regular numerals, not Roman numerals. It is located on the upper right wall above and slightly to the left of the kitchen counter, not directly centered above bar stools or any other central section of the kitchen area.
2024-05-23 23:45:40,186 - [GT] There is no  bar stools. bar stools is not below a/an Round wall clock. in this imageWhere Round wall clock. is the one that Gold-rimmed wall clock with large, clear Roman numerals..
2024-05-23 23:45:40,186 - [Eval (same or not)] 0
2024-05-23 23:45:40,186 - [Attack Success] The spatial relation between the removed, non-existing object and the existing object Round wall clock. (#2 closest) is not correct.
2024-05-23 23:45:48,378 - [Obj] The bar stool in the image features a modern, sleek design primarily composed of a chromed metal frame that gives it a reflective and shiny appearance. The seat of the stool is round and cushioned, upholstered with what appears to be black leather or a similar material, which contrasts nicely with the metallic sheen of the legs. The legs are uniquely styled with an elegant curvature that not only supports the stool but also adds an artistic touch to its overall design. The base incorporates a circular footrest which enhances comfort, facilitating a relaxed seating position ideal for leisurely sitting at a bar. This stool combines functionality with aesthetics, making it both a practical piece of furniture and a stylish addition to contemporary décor.
2024-05-23 23:45:48,378 - [Q] Is the object(The bar stool in the image features a modern, sleek design primarily composed of a chromed metal frame that gives it a reflective and shiny appearance. The seat of the stool is round and cushioned, upholstered with what appears to be black leather or a similar material, which contrasts nicely with the metallic sheen of the legs. The legs are uniquely styled with an elegant curvature that not only supports the stool but also adds an artistic touch to its overall design. The base incorporates a circular footrest which enhances comfort, facilitating a relaxed seating position ideal for leisurely sitting at a bar. This stool combines functionality with aesthetics, making it both a practical piece of furniture and a stylish addition to contemporary décor.) below a/an Round wall clock. in this image, given their center positions?Where Round wall clock. is the one that Gold-rimmed wall clock with large, clear Roman numerals..
2024-05-23 23:45:48,378 - [Pred] In the image you've provided, there is no bar stool visible beneath or near the gold-rimmed wall clock with large Roman numerals, which is located on the right side of the kitchen area, near the door. Instead, the area beneath the clock appears clear, without the presence of any bar stools or similar furniture.
2024-05-23 23:45:48,378 - [GT] There is no  bar stools.The object(The bar stool in the image features a modern, sleek design primarily composed of a chromed metal frame that gives it a reflective and shiny appearance. The seat of the stool is round and cushioned, upholstered with what appears to be black leather or a similar material, which contrasts nicely with the metallic sheen of the legs. The legs are uniquely styled with an elegant curvature that not only supports the stool but also adds an artistic touch to its overall design. The base incorporates a circular footrest which enhances comfort, facilitating a relaxed seating position ideal for leisurely sitting at a bar. This stool combines functionality with aesthetics, making it both a practical piece of furniture and a stylish addition to contemporary décor.) is not below a/an Round wall clock. in this imageWhere Round wall clock. is the one that Gold-rimmed wall clock with large, clear Roman numerals..
2024-05-23 23:45:48,378 - [Eval (same or not)] 1
2024-05-23 23:45:48,378 - [Attack Failed] The spatial relation between the removed, non-existing object and the existing object Round wall clock. (#2 closest) has no conflict.
2024-05-23 23:45:48,378 - [Evaluation Model] Spatial Relation Eval Results: Spatial Relation Attack Success (Removed object)
